<?xml version="1.0" encoding="UTF-8"?>
<!-- Generated by org.testng.reporters.JUnitReportReporter -->
<testsuite hostname="Shibu" failures="0" tests="8" name="Maven.LoginTest" time="86.847" errors="0" timestamp="2019-11-08T12:17:43 IST" skipped="0">
  <testcase classname="Maven.LoginTest" name="TC_1" time="12.546"/>
  <testcase classname="Maven.LoginTest" name="TC_2" time="12.019"/>
  <testcase classname="Maven.LoginTest" name="TC_3" time="8.755"/>
  <testcase classname="Maven.LoginTest" name="TC_4" time="7.857"/>
  <testcase classname="Maven.LoginTest" name="TC_5" time="7.874"/>
  <testcase classname="Maven.LoginTest" name="TC_6" time="7.522"/>
  <testcase classname="Maven.LoginTest" name="TC_7" time="7.299"/>
  <testcase classname="Maven.LoginTest" name="TC_8" time="22.975"/>
</testsuite> <!-- Maven.LoginTest -->
