<?xml version="1.0" encoding="UTF-8"?>
<!-- Generated by org.testng.reporters.JUnitReportReporter -->
<testsuite hostname="Shibu" failures="0" tests="1" name="Maven1.Admin" time="25.856" errors="0" timestamp="2019-11-12T23:11:24 IST" skipped="0">
  <testcase classname="Maven1.Admin" name="TC_009" time="25.856"/>
</testsuite> <!-- Maven1.Admin -->
