<?xml version="1.0" encoding="UTF-8"?>
<!-- Generated by org.testng.reporters.JUnitReportReporter -->
<testsuite hostname="Shibu" failures="0" tests="8" name="Maven.LoginTest" time="83.168" errors="0" timestamp="2019-11-08T12:23:49 IST" skipped="0">
  <testcase classname="Maven.LoginTest" name="TC_1" time="12.652"/>
  <testcase classname="Maven.LoginTest" name="TC_2" time="12.312"/>
  <testcase classname="Maven.LoginTest" name="TC_3" time="8.759"/>
  <testcase classname="Maven.LoginTest" name="TC_4" time="7.447"/>
  <testcase classname="Maven.LoginTest" name="TC_5" time="8.942"/>
  <testcase classname="Maven.LoginTest" name="TC_6" time="7.462"/>
  <testcase classname="Maven.LoginTest" name="TC_7" time="7.651"/>
  <testcase classname="Maven.LoginTest" name="TC_8" time="17.943"/>
</testsuite> <!-- Maven.LoginTest -->
