<?xml version="1.0" encoding="UTF-8"?>
<!-- Generated by org.testng.reporters.JUnitReportReporter -->
<testsuite hostname="Shibu" failures="0" tests="1" name="Maven.AppTest" time="0.003" errors="0" timestamp="2019-11-08T12:17:43 IST" skipped="0">
  <testcase classname="Maven.AppTest" name="testApp" time="0.003"/>
</testsuite> <!-- Maven.AppTest -->
